msg: STRUCTURE: /share/home/01174/ashay/src/milc/gcc/ks_imp_dyn2/su3_rmd
msg: Line map : /share/apps/perfexpert/2.0.6/extras/hpctoolkit/lib/hpctoolkit/ext-libs/libmonitor.so.0.0.0
msg: Line map : /lib64/tls/libm-2.3.4.so
msg: Line map : /lib64/tls/libc-2.3.4.so
msg: Populating Experiment database: /share/home/01174/ashay/src/milc/gcc/ks_imp_dyn2/.perfexpert-temp-yMx8601/database
msg: STRUCTURE: /share/home/01174/ashay/src/milc/gcc/ks_imp_dyn2/su3_rmd
msg: Line map : /share/apps/perfexpert/2.0.6/extras/hpctoolkit/lib/hpctoolkit/ext-libs/libmonitor.so.0.0.0
msg: Line map : /lib64/tls/libm-2.3.4.so
msg: Line map : /lib64/tls/libc-2.3.4.so
msg: Populating Experiment database: /share/home/01174/ashay/src/milc/gcc/ks_imp_dyn2/.perfexpert-temp-KB28343/database
msg: STRUCTURE: /scratch/01174/ashay/gpuizer/milc/ks_imp_dyn2/su3_rmd
msg: Line map : /opt/apps/perfexpert/2.0.6/extras/hpctoolkit/lib/hpctoolkit/ext-libs/libmonitor.so.0.0.0
msg: Line map : /lib64/libc-2.5.so
msg: Populating Experiment database: /scratch/01174/ashay/gpuizer/milc/ks_imp_dyn2/.perfexpert-temp-OJ24007/database
msg: STRUCTURE: /scratch/01174/ashay/gpuizer/milc/ks_imp_dyn2/su3_rmd
msg: Line map : /opt/apps/perfexpert/2.0.6/extras/hpctoolkit/lib/hpctoolkit/ext-libs/libmonitor.so.0.0.0
msg: Line map : /lib64/libc-2.5.so
msg: Populating Experiment database: /scratch/01174/ashay/gpuizer/milc/ks_imp_dyn2/.perfexpert-temp-rq19806/database
msg: STRUCTURE: /scratch/01174/ashay/gpuizer/milc/ks_imp_dyn2/su3_rmd
msg: Line map : /opt/apps/perfexpert/2.0.6/extras/hpctoolkit/lib/hpctoolkit/ext-libs/libmonitor.so.0.0.0
msg: Line map : /lib64/libc-2.5.so
msg: Populating Experiment database: /scratch/01174/ashay/gpuizer/milc/ks_imp_dyn2/.perfexpert-temp-ZT26729/database
msg: STRUCTURE: /scratch/01174/ashay/gpuizer/milc/ks_imp_dyn2/su3_rmd
msg: Line map : /opt/apps/perfexpert/2.0.6/extras/hpctoolkit/lib/hpctoolkit/ext-libs/libmonitor.so.0.0.0
msg: Line map : /lib64/libc-2.5.so
msg: Populating Experiment database: /scratch/01174/ashay/gpuizer/milc/ks_imp_dyn2/.perfexpert-temp-RP18706/database
msg: STRUCTURE: /scratch/01174/ashay/gpuizer/milc/ks_imp_dyn2/su3_rmd
msg: Line map : /opt/apps/perfexpert/2.0.6/extras/hpctoolkit/lib/hpctoolkit/ext-libs/libmonitor.so.0.0.0
msg: Line map : /lib64/libc-2.5.so
msg: Populating Experiment database: /scratch/01174/ashay/gpuizer/milc/ks_imp_dyn2/.perfexpert-temp-VU14127/database
msg: STRUCTURE: /scratch/01174/ashay/gpuizer/milc/ks_imp_dyn2/su3_rmd
msg: Line map : /opt/apps/perfexpert/2.0.6/extras/hpctoolkit/lib/hpctoolkit/ext-libs/libmonitor.so.0.0.0
msg: Line map : /lib64/libc-2.5.so
msg: Populating Experiment database: /scratch/01174/ashay/gpuizer/milc/ks_imp_dyn2/.perfexpert-temp-Xy16474/database
msg: STRUCTURE: /scratch/01174/ashay/gpuizer/milc/ks_imp_dyn2/su3_rmd
msg: Line map : /opt/apps/perfexpert/2.0.6/extras/hpctoolkit/lib/hpctoolkit/ext-libs/libmonitor.so.0.0.0
msg: Line map : /lib64/libc-2.5.so
msg: Line map : /lib64/libpthread-2.5.so
msg: Populating Experiment database: /scratch/01174/ashay/gpuizer/milc/ks_imp_dyn2/.perfexpert-temp-yy13377/database
msg: STRUCTURE: /scratch/01174/ashay/gpuizer/milc/ks_imp_dyn2/su3_rmd
msg: Line map : /opt/apps/perfexpert/2.0.6/extras/hpctoolkit/lib/hpctoolkit/ext-libs/libmonitor.so.0.0.0
msg: Line map : /lib64/libc-2.5.so
msg: Populating Experiment database: /scratch/01174/ashay/gpuizer/milc/ks_imp_dyn2/.perfexpert-temp-tJ31295/database
[01 December 2011 04:37:23 CST] ERROR edu.utexas.tacc.perfexpert.parsing.hpctoolkit.HPCToolkitParser - Input XML file does not exist: exp-3.xml
