SU3 with improved KS action
Microcanonical simulation with refreshing
MIMD version 6
Machine = Scalar processor, with 1 nodes
R algorithm
type 0 for no prompts  or 1 for prompts
nflavors1 4
nflavors2 4
nx 8
ny 8
nz 16
nt 10
iseed 5682304
LAYOUT = Hypercubes, options = EVENFIRST,
ON EACH NODE 8 x 8 x 16 x 10
Mallocing 11.6 MBytes per node for lattice
Made lattice
Made nn gathers
Made 3nn gathers
Finished setup


warms 0
trajecs 2
traj_between_meas 1
beta 5.6
mass1 0.01
mass2 0.01
u0 0.8441
microcanonical_time_step 0.02
steps_per_trajectory 2
max_cg_iterations 2
error_per_site 1e-05
error_for_propagator 0.0001
fresh 
forget 
unit gauge configuration loaded
CHECK PLAQ: 3.000000e+00 3.000000e+00
Unitarity checked.  Max deviation 0.00e+00
Time to check unitarity = 1.812935e-03
Symanzik 1x1 + 1x2 + 1x1x1 action
loop coefficients: nloop rep loop_coeff  multiplicity
                    0 0      1.000000e+00     6
                    1 0      -7.762509e-02     12
                    2 0      -1.031171e-02     16
"O(a^2): couplings(pi)=0, Naik term, No O(a^2) errors, tadpole weights"
path coefficients: npath  path_coeff  multiplicity
                    0      6.250000e-01     8
                    1      -5.847914e-02     8
                    2      -8.771871e-02     48
                    3      3.077829e-02     192
                    4      -7.199551e-03     384
                    5      -1.231132e-01     48
WARMUPS COMPLETED
LLTIME(long): time =  1.066685e-02 (Naik) mflops = 1.731811e+03
LLTIME(Fat): time = 1.837649e-01 (Asqtad opt) mflops = 3.434342e+03
LLTIME(long): time =  8.230925e-03 (Naik) mflops = 2.244336e+03
LLTIME(Fat): time = 1.811640e-01 (Asqtad opt) mflops = 3.483648e+03
LLTIME(long): time =  8.727074e-03 (Naik) mflops = 2.116742e+03
LLTIME(Fat): time = 1.812150e-01 (Asqtad opt) mflops = 3.482667e+03
CG not converged after 10 iterations, res. = 7.179489e+02 wanted 2.749016e-05
CG not converged after 10 iterations, res. = 6.463907e+02 wanted 2.755823e-05
GFTIME:   time = 5.433669e-01 (Symanzik1) mflops = 2.883431e+03
FFTIME:  time = 1.159081e+00 mflops = 3.833927e+03
LLTIME(long): time =  8.770943e-03 (Naik) mflops = 2.106154e+03
LLTIME(Fat): time = 1.809070e-01 (Asqtad opt) mflops = 3.488597e+03
LLTIME(long): time =  8.191824e-03 (Naik) mflops = 2.255048e+03
LLTIME(Fat): time = 1.807001e-01 (Asqtad opt) mflops = 3.492592e+03
LLTIME(long): time =  8.213997e-03 (Naik) mflops = 2.248961e+03
LLTIME(Fat): time = 1.808670e-01 (Asqtad opt) mflops = 3.489370e+03
CG not converged after 10 iterations, res. = 6.797984e+02 wanted 2.727059e-05
CG not converged after 10 iterations, res. = 7.128679e+02 wanted 2.760318e-05
GFTIME:   time = 5.423260e-01 (Symanzik1) mflops = 2.888965e+03
FFTIME:  time = 1.159056e+00 mflops = 3.834009e+03
PLAQ:	2.974770	2.974742
P_LOOP:	2.937583e+00	-3.463258e-05
LLTIME(long): time =  8.832932e-03 (Naik) mflops = 2.091374e+03
LLTIME(Fat): time = 1.809771e-01 (Asqtad opt) mflops = 3.487246e+03
CG not converged after 10 iterations, res. = 1.098224e+03 wanted 2.725606e-03
PBP: mass 1.000000e-02     4.889897e-04  3.386260e+00  3.208557e-03  3.465727e-02 ( 1 of 1 )
FACTION: mass = 1.000000e-02,  1.462128e+00 ( 1 of 1 )
CG not converged after 10 iterations, res. = 1.123325e+03 wanted 2.675687e-03
PBP: mass 1.000000e-02     -9.278622e-04  3.406495e+00  -2.402931e-04  -3.705311e-02 ( 1 of 1 )
FACTION: mass = 1.000000e-02,  1.436975e+00 ( 1 of 1 )
LLTIME(long): time =  8.338928e-03 (Naik) mflops = 2.215268e+03
LLTIME(Fat): time = 1.809309e-01 (Asqtad opt) mflops = 3.488137e+03
LLTIME(long): time =  8.166075e-03 (Naik) mflops = 2.262159e+03
LLTIME(Fat): time = 1.808350e-01 (Asqtad opt) mflops = 3.489986e+03
LLTIME(long): time =  8.123159e-03 (Naik) mflops = 2.274110e+03
LLTIME(Fat): time = 1.810169e-01 (Asqtad opt) mflops = 3.486479e+03
CG not converged after 10 iterations, res. = 6.748991e+02 wanted 2.729084e-05
CG not converged after 10 iterations, res. = 6.788121e+02 wanted 2.737116e-05
GFTIME:   time = 5.426688e-01 (Symanzik1) mflops = 2.887140e+03
FFTIME:  time = 1.159005e+00 mflops = 3.834179e+03
LLTIME(long): time =  8.744955e-03 (Naik) mflops = 2.112413e+03
LLTIME(Fat): time = 1.810350e-01 (Asqtad opt) mflops = 3.486130e+03
LLTIME(long): time =  8.224964e-03 (Naik) mflops = 2.245962e+03
LLTIME(Fat): time = 1.809230e-01 (Asqtad opt) mflops = 3.488289e+03
LLTIME(long): time =  8.170128e-03 (Naik) mflops = 2.261037e+03
LLTIME(Fat): time = 1.808279e-01 (Asqtad opt) mflops = 3.490124e+03
CG not converged after 10 iterations, res. = 7.051191e+02 wanted 2.723379e-05
CG not converged after 10 iterations, res. = 7.008862e+02 wanted 2.686867e-05
GFTIME:   time = 5.424061e-01 (Symanzik1) mflops = 2.888539e+03
FFTIME:  time = 1.157998e+00 mflops = 3.837513e+03
PLAQ:	2.950223	2.950230
P_LOOP:	2.876729e+00	-7.990203e-05
LLTIME(long): time =  8.670807e-03 (Naik) mflops = 2.130478e+03
LLTIME(Fat): time = 1.807890e-01 (Asqtad opt) mflops = 3.490874e+03
CG not converged after 10 iterations, res. = 1.131854e+03 wanted 2.719356e-03
PBP: mass 1.000000e-02     5.423958e-03  3.499549e+00  -3.261945e-03  6.796712e-03 ( 1 of 1 )
FACTION: mass = 1.000000e-02,  1.468638e+00 ( 1 of 1 )
CG not converged after 10 iterations, res. = 1.150704e+03 wanted 2.709226e-03
PBP: mass 1.000000e-02     3.925378e-03  3.562567e+00  -1.350290e-03  -2.254403e-02 ( 1 of 1 )
FACTION: mass = 1.000000e-02,  1.463148e+00 ( 1 of 1 )
RUNNING COMPLETED
average cg iters for step= 2.000000e+01
total_iters = 120
NERSC_TIME   10.438 secs


exit: Mon Jan 27 15:29:26 2014

